<?xml version="1.0" encoding="UTF-8"?>
<testsuite name="StringTest" tests="6" skipped="0" failures="0" errors="0" timestamp="2022-11-15T21:48:28" hostname="DEATHSTAR" time="0.144">
  <properties/>
  <testcase name="stringReplacer()" classname="StringTest" time="0.112"/>
  <testcase name="transformUndo()" classname="StringTest" time="0.016"/>
  <testcase name="stringDrink()" classname="StringTest" time="0.002"/>
  <testcase name="stringInverter()" classname="StringTest" time="0.001"/>
  <testcase name="stringRecipe()" classname="StringTest" time="0.004"/>
  <testcase name="stringCaseChanger()" classname="StringTest" time="0.003"/>
  <system-out><![CDATA[]]></system-out>
  <system-err><![CDATA[]]></system-err>
</testsuite>
